<?xml version="1.0" encoding="UTF-8"?>
<!-- Generated by org.testng.reporters.JUnitReportReporter -->
<testsuite skipped="0" hostname="DESKTOP-P8L6JL1" name="Automation.BookMyShow.loginFunctionalityTest" tests="5" failures="0" timestamp="03 Jul 2021 11:17:55 GMT" time="13.012" errors="0">
  <testcase name="openBrowser" time="9.494" classname="Automation.BookMyShow.loginFunctionalityTest"/>
  <testcase name="signUpNCR" time="1.645" classname="Automation.BookMyShow.loginFunctionalityTest"/>
  <testcase name="signUp" time="0.701" classname="Automation.BookMyShow.loginFunctionalityTest"/>
  <testcase name="signUpUsingGoogle" time="0.856" classname="Automation.BookMyShow.loginFunctionalityTest"/>
  <testcase name="switchWindow" time="0.316" classname="Automation.BookMyShow.loginFunctionalityTest"/>
</testsuite> <!-- Automation.BookMyShow.loginFunctionalityTest -->
