<?xml version="1.0" encoding="UTF-8"?>
<!-- Generated by org.testng.reporters.JUnitReportReporter -->
<testsuite skipped="0" hostname="DESKTOP-P8L6JL1" name="Automation.BookMyShow.movieNameCollectionTest" tests="3" failures="0" timestamp="03 Jul 2021 11:17:55 GMT" time="15.742" errors="0">
  <testcase name="openBrowser" time="6.749" classname="Automation.BookMyShow.movieNameCollectionTest"/>
  <testcase name="signUpNCR" time="2.226" classname="Automation.BookMyShow.movieNameCollectionTest"/>
  <testcase name="moviesData" time="6.767" classname="Automation.BookMyShow.movieNameCollectionTest"/>
</testsuite> <!-- Automation.BookMyShow.movieNameCollectionTest -->
