<?xml version="1.0" encoding="UTF-8"?>
<!-- Generated by org.testng.reporters.JUnitReportReporter -->
<testsuite skipped="0" hostname="DESKTOP-P8L6JL1" name="Automation.BookMyShow.Test_Execution" tests="10" failures="0" timestamp="27 Jun 2021 07:40:02 GMT" time="27.179" errors="0">
  <testcase name="openBrowser" time="6.832" classname="Automation.BookMyShow.Test_Execution"/>
  <testcase name="signUpNCR" time="1.458" classname="Automation.BookMyShow.Test_Execution"/>
  <testcase name="signUp" time="0.849" classname="Automation.BookMyShow.Test_Execution"/>
  <testcase name="signUpUsingGoogle" time="0.799" classname="Automation.BookMyShow.Test_Execution"/>
  <testcase name="switchWindow" time="0.783" classname="Automation.BookMyShow.Test_Execution"/>
  <testcase name="moviesData" time="4.310" classname="Automation.BookMyShow.Test_Execution"/>
  <testcase name="sports" time="6.065" classname="Automation.BookMyShow.Test_Execution"/>
  <testcase name="weekendSelector" time="4.676" classname="Automation.BookMyShow.Test_Execution"/>
  <testcase name="priceSelector" time="0.585" classname="Automation.BookMyShow.Test_Execution"/>
  <testcase name="rangeSelector" time="0.822" classname="Automation.BookMyShow.Test_Execution"/>
</testsuite> <!-- Automation.BookMyShow.Test_Execution -->
