<?xml version="1.0" encoding="UTF-8"?>
<!-- Generated by org.testng.reporters.JUnitReportReporter -->
<testsuite skipped="0" hostname="DESKTOP-P8L6JL1" name="Automation.BookMyShow.movieNameCollectionTest" tests="3" failures="0" timestamp="04 Jul 2021 09:07:57 GMT" time="19.079" errors="0">
  <testcase name="openBrowser" time="9.672" classname="Automation.BookMyShow.movieNameCollectionTest"/>
  <testcase name="signUpNCR" time="1.449" classname="Automation.BookMyShow.movieNameCollectionTest"/>
  <testcase name="moviesData" time="7.958" classname="Automation.BookMyShow.movieNameCollectionTest"/>
</testsuite> <!-- Automation.BookMyShow.movieNameCollectionTest -->
